<?xml version="1.0" encoding="UTF-8"?>
<testsuite xmlns:xsi="http://www.w3.org/2001/XMLSchema-instance" xsi:noNamespaceSchemaLocation="https://maven.apache.org/surefire/maven-surefire-plugin/xsd/surefire-test-report-3.0.xsd" version="3.0" name="com.company.emailpdf.integration.EmailPdfApplicationIntegrationTest" time="6.041" tests="9" errors="0" skipped="0" failures="0">
  <properties>
[...]
</properties>
  <testcase name="databaseIntegration_SaveAndRetrieveSchedule" classname="com.company.emailpdf.integration.EmailPdfApplicationIntegrationTest" time="0.326">
    <system-out><![CDATA[2025-10-03 15:44:26 - Could not detect default configuration classes for test class [com.company.emailpdf.integration.EmailPdfApplicationIntegrationTest]: EmailPdfApplicationIntegrationTest does not declare any static, non-private, non-final, nested classes annotated with @Configuration.
2025-10-03 15:44:26 - Found @SpringBootConfiguration com.company.emailpdf.EmailPdfApplication for test class com.company.emailpdf.integration.EmailPdfApplicationIntegrationTest

  .   ____          _            __ _ _
 /\\ / ___'_ __ _ _(_)_ __  __ _ \ \ \ \
( ( )\___ | '_ | '_| | '_ \/ _` | \ \ \ \
 \\/  ___)| |_)| | | | | || (_| |  ) ) ) )
  '  |____| .__|_| |_|_| |_\__, | / / / /
 =========|_|==============|___/=/_/_/_/
 :: Spring Boot ::                (v3.2.0)

2025-10-03 15:44:26 - Starting EmailPdfApplicationIntegrationTest using Java 21 with PID 2305 (started by runner in /home/runner/workspace)
2025-10-03 15:44:26 - Running with Spring Boot v3.2.0, Spring v6.1.1
2025-10-03 15:44:26 - The following 1 profile is active: "test"
2025-10-03 15:44:27 - Bootstrapping Spring Data JPA repositories in DEFAULT mode.
2025-10-03 15:44:27 - Finished Spring Data repository scanning in 120 ms. Found 1 JPA repository interface.
2025-10-03 15:44:27 - Tomcat initialized with port 0 (http)
2025-10-03 15:44:27 - Starting service [Tomcat]
2025-10-03 15:44:27 - Starting Servlet engine: [Apache Tomcat/10.1.16]
2025-10-03 15:44:27 - Initializing Spring embedded WebApplicationContext
2025-10-03 15:44:27 - Root WebApplicationContext: initialization completed in 1227 ms
Standard Commons Logging discovery in action with spring-jcl: please remove commons-logging.jar from classpath in order to avoid potential conflicts
2025-10-03 15:44:28 - HHH000204: Processing PersistenceUnitInfo [name: default]
2025-10-03 15:44:28 - HHH000412: Hibernate ORM core version 6.3.1.Final
2025-10-03 15:44:28 - HHH000026: Second-level cache disabled
2025-10-03 15:44:28 - No LoadTimeWeaver setup: ignoring JPA class transformer
2025-10-03 15:44:28 - HikariPool-1 - Starting...
2025-10-03 15:44:28 - HikariPool-1 - Added connection conn0: url=jdbc:h2:mem:testdb user=SA
2025-10-03 15:44:28 - HikariPool-1 - Start completed.
2025-10-03 15:44:28 - HHH90000025: H2Dialect does not need to be specified explicitly using 'hibernate.dialect' (remove the property setting and it will be selected by default)
2025-10-03 15:44:30 - HHH000489: No JTA platform available (set 'hibernate.transaction.jta.platform' to enable JTA platform integration)
2025-10-03 15:44:30 - 
    drop table if exists mailbox_schedules cascade 
Hibernate: 
    drop table if exists mailbox_schedules cascade 
2025-10-03 15:44:30 - 
    create table mailbox_schedules (
        date_range_days integer,
        enabled boolean not null,
        max_emails_per_run integer,
        created_at timestamp(6) not null,
        execution_count bigint not null,
        failure_count bigint not null,
        last_execution_time timestamp(6),
        next_execution_time timestamp(6),
        updated_at timestamp(6) not null,
        version bigint,
        cron_expression varchar(255) not null,
        id varchar(255) not null,
        mailbox_id varchar(255) not null unique,
        primary key (id)
    )
Hibernate: 
    create table mailbox_schedules (
        date_range_days integer,
        enabled boolean not null,
        max_emails_per_run integer,
        created_at timestamp(6) not null,
        execution_count bigint not null,
        failure_count bigint not null,
        last_execution_time timestamp(6),
        next_execution_time timestamp(6),
        updated_at timestamp(6) not null,
        version bigint,
        cron_expression varchar(255) not null,
        id varchar(255) not null,
        mailbox_id varchar(255) not null unique,
        primary key (id)
    )
2025-10-03 15:44:30 - Initialized JPA EntityManagerFactory for persistence unit 'default'
2025-10-03 15:44:30 - spring.jpa.open-in-view is enabled by default. Therefore, database queries may be performed during view rendering. Explicitly configure spring.jpa.open-in-view to disable this warning
2025-10-03 15:44:30 - Hibernate is in classpath; If applicable, HQL parser will be used.
2025-10-03 15:44:31 - Tomcat started on port 45573 (http) with context path ''
2025-10-03 15:44:31 - Started EmailPdfApplicationIntegrationTest in 5.171 seconds (process running for 12.658)
2025-10-03 15:44:31 - 
    select
        ms1_0.id,
        ms1_0.created_at,
        ms1_0.cron_expression,
        ms1_0.date_range_days,
        ms1_0.enabled,
        ms1_0.execution_count,
        ms1_0.failure_count,
        ms1_0.last_execution_time,
        ms1_0.mailbox_id,
        ms1_0.max_emails_per_run,
        ms1_0.next_execution_time,
        ms1_0.updated_at,
        ms1_0.version 
    from
        mailbox_schedules ms1_0
Hibernate: 
    select
        ms1_0.id,
        ms1_0.created_at,
        ms1_0.cron_expression,
        ms1_0.date_range_days,
        ms1_0.enabled,
        ms1_0.execution_count,
        ms1_0.failure_count,
        ms1_0.last_execution_time,
        ms1_0.mailbox_id,
        ms1_0.max_emails_per_run,
        ms1_0.next_execution_time,
        ms1_0.updated_at,
        ms1_0.version 
    from
        mailbox_schedules ms1_0
2025-10-03 15:44:31 - 
    insert 
    into
        mailbox_schedules
        (created_at, cron_expression, date_range_days, enabled, execution_count, failure_count, last_execution_time, mailbox_id, max_emails_per_run, next_execution_time, updated_at, version, id) 
    values
        (?, ?, ?, ?, ?, ?, ?, ?, ?, ?, ?, ?, ?)
Hibernate: 
    insert 
    into
        mailbox_schedules
        (created_at, cron_expression, date_range_days, enabled, execution_count, failure_count, last_execution_time, mailbox_id, max_emails_per_run, next_execution_time, updated_at, version, id) 
    values
        (?, ?, ?, ?, ?, ?, ?, ?, ?, ?, ?, ?, ?)
2025-10-03 15:44:32 - 
    select
        ms1_0.id,
        ms1_0.created_at,
        ms1_0.cron_expression,
        ms1_0.date_range_days,
        ms1_0.enabled,
        ms1_0.execution_count,
        ms1_0.failure_count,
        ms1_0.last_execution_time,
        ms1_0.mailbox_id,
        ms1_0.max_emails_per_run,
        ms1_0.next_execution_time,
        ms1_0.updated_at,
        ms1_0.version 
    from
        mailbox_schedules ms1_0 
    where
        ms1_0.mailbox_id=?
Hibernate: 
    select
        ms1_0.id,
        ms1_0.created_at,
        ms1_0.cron_expression,
        ms1_0.date_range_days,
        ms1_0.enabled,
        ms1_0.execution_count,
        ms1_0.failure_count,
        ms1_0.last_execution_time,
        ms1_0.mailbox_id,
        ms1_0.max_emails_per_run,
        ms1_0.next_execution_time,
        ms1_0.updated_at,
        ms1_0.version 
    from
        mailbox_schedules ms1_0 
    where
        ms1_0.mailbox_id=?
]]></system-out>
  </testcase>
  <testcase name="convertEndpoint_AcceptsRequest" classname="com.company.emailpdf.integration.EmailPdfApplicationIntegrationTest" time="0.177">
    <system-out><![CDATA[2025-10-03 15:44:32 - Initializing Spring DispatcherServlet 'dispatcherServlet'
2025-10-03 15:44:32 - Initializing Servlet 'dispatcherServlet'
2025-10-03 15:44:32 - Completed initialization in 1 ms
]]></system-out>
  </testcase>
  <testcase name="lockingService_IntegrationTest" classname="com.company.emailpdf.integration.EmailPdfApplicationIntegrationTest" time="0.018">
    <system-out><![CDATA[2025-10-03 15:44:32 - Acquired lock for mailbox: integration-lock-test by thread: main
2025-10-03 15:44:32 - Released lock for mailbox: integration-lock-test
]]></system-out>
  </testcase>
  <testcase name="scheduleLifecycle_CreateUpdateDelete" classname="com.company.emailpdf.integration.EmailPdfApplicationIntegrationTest" time="0.094">
    <system-out><![CDATA[2025-10-03 15:44:32 - 
    select
        ms1_0.id,
        ms1_0.created_at,
        ms1_0.cron_expression,
        ms1_0.date_range_days,
        ms1_0.enabled,
        ms1_0.execution_count,
        ms1_0.failure_count,
        ms1_0.last_execution_time,
        ms1_0.mailbox_id,
        ms1_0.max_emails_per_run,
        ms1_0.next_execution_time,
        ms1_0.updated_at,
        ms1_0.version 
    from
        mailbox_schedules ms1_0
Hibernate: 
    select
        ms1_0.id,
        ms1_0.created_at,
        ms1_0.cron_expression,
        ms1_0.date_range_days,
        ms1_0.enabled,
        ms1_0.execution_count,
        ms1_0.failure_count,
        ms1_0.last_execution_time,
        ms1_0.mailbox_id,
        ms1_0.max_emails_per_run,
        ms1_0.next_execution_time,
        ms1_0.updated_at,
        ms1_0.version 
    from
        mailbox_schedules ms1_0
2025-10-03 15:44:32 - 
    insert 
    into
        mailbox_schedules
        (created_at, cron_expression, date_range_days, enabled, execution_count, failure_count, last_execution_time, mailbox_id, max_emails_per_run, next_execution_time, updated_at, version, id) 
    values
        (?, ?, ?, ?, ?, ?, ?, ?, ?, ?, ?, ?, ?)
Hibernate: 
    insert 
    into
        mailbox_schedules
        (created_at, cron_expression, date_range_days, enabled, execution_count, failure_count, last_execution_time, mailbox_id, max_emails_per_run, next_execution_time, updated_at, version, id) 
    values
        (?, ?, ?, ?, ?, ?, ?, ?, ?, ?, ?, ?, ?)
2025-10-03 15:44:32 - 
    update
        mailbox_schedules 
    set
        created_at=?,
        cron_expression=?,
        date_range_days=?,
        enabled=?,
        execution_count=?,
        failure_count=?,
        last_execution_time=?,
        mailbox_id=?,
        max_emails_per_run=?,
        next_execution_time=?,
        updated_at=?,
        version=? 
    where
        id=? 
        and version=?
Hibernate: 
    update
        mailbox_schedules 
    set
        created_at=?,
        cron_expression=?,
        date_range_days=?,
        enabled=?,
        execution_count=?,
        failure_count=?,
        last_execution_time=?,
        mailbox_id=?,
        max_emails_per_run=?,
        next_execution_time=?,
        updated_at=?,
        version=? 
    where
        id=? 
        and version=?
2025-10-03 15:44:32 - 
    delete 
    from
        mailbox_schedules 
    where
        id=? 
        and version=?
Hibernate: 
    delete 
    from
        mailbox_schedules 
    where
        id=? 
        and version=?
2025-10-03 15:44:32 - 
    select
        ms1_0.id,
        ms1_0.created_at,
        ms1_0.cron_expression,
        ms1_0.date_range_days,
        ms1_0.enabled,
        ms1_0.execution_count,
        ms1_0.failure_count,
        ms1_0.last_execution_time,
        ms1_0.mailbox_id,
        ms1_0.max_emails_per_run,
        ms1_0.next_execution_time,
        ms1_0.updated_at,
        ms1_0.version 
    from
        mailbox_schedules ms1_0 
    where
        ms1_0.mailbox_id=?
Hibernate: 
    select
        ms1_0.id,
        ms1_0.created_at,
        ms1_0.cron_expression,
        ms1_0.date_range_days,
        ms1_0.enabled,
        ms1_0.execution_count,
        ms1_0.failure_count,
        ms1_0.last_execution_time,
        ms1_0.mailbox_id,
        ms1_0.max_emails_per_run,
        ms1_0.next_execution_time,
        ms1_0.updated_at,
        ms1_0.version 
    from
        mailbox_schedules ms1_0 
    where
        ms1_0.mailbox_id=?
2025-10-03 15:44:32 - 
    delete 
    from
        mailbox_schedules 
    where
        id=? 
        and version=?
Hibernate: 
    delete 
    from
        mailbox_schedules 
    where
        id=? 
        and version=?
2025-10-03 15:44:32 - 
    select
        ms1_0.id,
        ms1_0.created_at,
        ms1_0.cron_expression,
        ms1_0.date_range_days,
        ms1_0.enabled,
        ms1_0.execution_count,
        ms1_0.failure_count,
        ms1_0.last_execution_time,
        ms1_0.mailbox_id,
        ms1_0.max_emails_per_run,
        ms1_0.next_execution_time,
        ms1_0.updated_at,
        ms1_0.version 
    from
        mailbox_schedules ms1_0 
    where
        ms1_0.mailbox_id=?
Hibernate: 
    select
        ms1_0.id,
        ms1_0.created_at,
        ms1_0.cron_expression,
        ms1_0.date_range_days,
        ms1_0.enabled,
        ms1_0.execution_count,
        ms1_0.failure_count,
        ms1_0.last_execution_time,
        ms1_0.mailbox_id,
        ms1_0.max_emails_per_run,
        ms1_0.next_execution_time,
        ms1_0.updated_at,
        ms1_0.version 
    from
        mailbox_schedules ms1_0 
    where
        ms1_0.mailbox_id=?
]]></system-out>
  </testcase>
  <testcase name="fileNamingService_IntegrationWithRealData" classname="com.company.emailpdf.integration.EmailPdfApplicationIntegrationTest" time="0.015"/>
  <testcase name="multipleSchedules_CanCoexist" classname="com.company.emailpdf.integration.EmailPdfApplicationIntegrationTest" time="0.065">
    <system-out><![CDATA[2025-10-03 15:44:32 - 
    select
        ms1_0.id,
        ms1_0.created_at,
        ms1_0.cron_expression,
        ms1_0.date_range_days,
        ms1_0.enabled,
        ms1_0.execution_count,
        ms1_0.failure_count,
        ms1_0.last_execution_time,
        ms1_0.mailbox_id,
        ms1_0.max_emails_per_run,
        ms1_0.next_execution_time,
        ms1_0.updated_at,
        ms1_0.version 
    from
        mailbox_schedules ms1_0
Hibernate: 
    select
        ms1_0.id,
        ms1_0.created_at,
        ms1_0.cron_expression,
        ms1_0.date_range_days,
        ms1_0.enabled,
        ms1_0.execution_count,
        ms1_0.failure_count,
        ms1_0.last_execution_time,
        ms1_0.mailbox_id,
        ms1_0.max_emails_per_run,
        ms1_0.next_execution_time,
        ms1_0.updated_at,
        ms1_0.version 
    from
        mailbox_schedules ms1_0
2025-10-03 15:44:32 - 
    insert 
    into
        mailbox_schedules
        (created_at, cron_expression, date_range_days, enabled, execution_count, failure_count, last_execution_time, mailbox_id, max_emails_per_run, next_execution_time, updated_at, version, id) 
    values
        (?, ?, ?, ?, ?, ?, ?, ?, ?, ?, ?, ?, ?)
Hibernate: 
    insert 
    into
        mailbox_schedules
        (created_at, cron_expression, date_range_days, enabled, execution_count, failure_count, last_execution_time, mailbox_id, max_emails_per_run, next_execution_time, updated_at, version, id) 
    values
        (?, ?, ?, ?, ?, ?, ?, ?, ?, ?, ?, ?, ?)
2025-10-03 15:44:32 - 
    insert 
    into
        mailbox_schedules
        (created_at, cron_expression, date_range_days, enabled, execution_count, failure_count, last_execution_time, mailbox_id, max_emails_per_run, next_execution_time, updated_at, version, id) 
    values
        (?, ?, ?, ?, ?, ?, ?, ?, ?, ?, ?, ?, ?)
Hibernate: 
    insert 
    into
        mailbox_schedules
        (created_at, cron_expression, date_range_days, enabled, execution_count, failure_count, last_execution_time, mailbox_id, max_emails_per_run, next_execution_time, updated_at, version, id) 
    values
        (?, ?, ?, ?, ?, ?, ?, ?, ?, ?, ?, ?, ?)
2025-10-03 15:44:32 - 
    insert 
    into
        mailbox_schedules
        (created_at, cron_expression, date_range_days, enabled, execution_count, failure_count, last_execution_time, mailbox_id, max_emails_per_run, next_execution_time, updated_at, version, id) 
    values
        (?, ?, ?, ?, ?, ?, ?, ?, ?, ?, ?, ?, ?)
Hibernate: 
    insert 
    into
        mailbox_schedules
        (created_at, cron_expression, date_range_days, enabled, execution_count, failure_count, last_execution_time, mailbox_id, max_emails_per_run, next_execution_time, updated_at, version, id) 
    values
        (?, ?, ?, ?, ?, ?, ?, ?, ?, ?, ?, ?, ?)
2025-10-03 15:44:32 - 
    delete 
    from
        mailbox_schedules 
    where
        id=? 
        and version=?
Hibernate: 
    delete 
    from
        mailbox_schedules 
    where
        id=? 
        and version=?
2025-10-03 15:44:32 - 
    select
        count(*) 
    from
        mailbox_schedules ms1_0
Hibernate: 
    select
        count(*) 
    from
        mailbox_schedules ms1_0
2025-10-03 15:44:32 - 
    select
        ms1_0.id,
        ms1_0.created_at,
        ms1_0.cron_expression,
        ms1_0.date_range_days,
        ms1_0.enabled,
        ms1_0.execution_count,
        ms1_0.failure_count,
        ms1_0.last_execution_time,
        ms1_0.mailbox_id,
        ms1_0.max_emails_per_run,
        ms1_0.next_execution_time,
        ms1_0.updated_at,
        ms1_0.version 
    from
        mailbox_schedules ms1_0
Hibernate: 
    select
        ms1_0.id,
        ms1_0.created_at,
        ms1_0.cron_expression,
        ms1_0.date_range_days,
        ms1_0.enabled,
        ms1_0.execution_count,
        ms1_0.failure_count,
        ms1_0.last_execution_time,
        ms1_0.mailbox_id,
        ms1_0.max_emails_per_run,
        ms1_0.next_execution_time,
        ms1_0.updated_at,
        ms1_0.version 
    from
        mailbox_schedules ms1_0
]]></system-out>
  </testcase>
  <testcase name="healthEndpoint_ReturnsHealthyStatus" classname="com.company.emailpdf.integration.EmailPdfApplicationIntegrationTest" time="0.009"/>
  <testcase name="statusEndpoint_ReturnsServiceInformation" classname="com.company.emailpdf.integration.EmailPdfApplicationIntegrationTest" time="0.009"/>
  <testcase name="contextLoads" classname="com.company.emailpdf.integration.EmailPdfApplicationIntegrationTest" time="0.004"/>
</testsuite>